<?xml version="1.0" encoding="UTF-8"?>
<!-- Generated by org.testng.reporters.JUnitReportReporter -->
<testsuite hostname="DESKTOP-VFUORKV" failures="0" tests="2" name="Mpro.Testanno" time="0.000" errors="0" timestamp="2024-10-18T09:00:04 IST" skipped="2">
  <testcase classname="Mpro.Testanno" name="test" time="0.000">
    <skipped/>
  </testcase> <!-- test -->
  <system-out/>
  <testcase classname="Mpro.Testanno" name="test" time="0.000">
    <skipped/>
  </testcase> <!-- test -->
  <system-out/>
</testsuite> <!-- Mpro.Testanno -->
